mode: atomic
github.com/dwdankworth/wheresmybus/main.go:18.13,26.19 7 0
github.com/dwdankworth/wheresmybus/main.go:26.19,29.3 2 0
github.com/dwdankworth/wheresmybus/main.go:31.2,31.21 1 0
github.com/dwdankworth/wheresmybus/main.go:31.21,33.16 2 0
github.com/dwdankworth/wheresmybus/main.go:33.16,36.4 2 0
github.com/dwdankworth/wheresmybus/main.go:37.3,38.9 2 0
github.com/dwdankworth/wheresmybus/main.go:41.2,41.70 1 0
github.com/dwdankworth/wheresmybus/main.go:41.70,44.3 2 0
github.com/dwdankworth/wheresmybus/main.go:46.2,47.16 2 0
github.com/dwdankworth/wheresmybus/main.go:47.16,50.3 2 0
github.com/dwdankworth/wheresmybus/main.go:52.2,53.16 2 0
github.com/dwdankworth/wheresmybus/main.go:53.16,56.3 2 0
github.com/dwdankworth/wheresmybus/main.go:58.2,59.16 2 0
github.com/dwdankworth/wheresmybus/main.go:59.16,62.3 2 0
github.com/dwdankworth/wheresmybus/main.go:64.2,64.62 1 0
github.com/dwdankworth/wheresmybus/main.go:67.29,69.13 2 2
github.com/dwdankworth/wheresmybus/main.go:69.13,71.3 1 1
github.com/dwdankworth/wheresmybus/main.go:72.2,72.49 1 2
github.com/dwdankworth/wheresmybus/main.go:75.66,76.35 1 6
github.com/dwdankworth/wheresmybus/main.go:76.35,78.3 1 1
github.com/dwdankworth/wheresmybus/main.go:79.2,79.69 1 5
github.com/dwdankworth/wheresmybus/main.go:79.69,81.3 1 1
github.com/dwdankworth/wheresmybus/main.go:82.2,82.20 1 4
github.com/dwdankworth/wheresmybus/main.go:82.20,84.3 1 1
github.com/dwdankworth/wheresmybus/main.go:85.2,85.12 1 3
github.com/dwdankworth/wheresmybus/main.go:88.113,89.16 1 13
github.com/dwdankworth/wheresmybus/main.go:89.16,91.3 1 2
github.com/dwdankworth/wheresmybus/main.go:92.2,92.25 1 11
github.com/dwdankworth/wheresmybus/main.go:92.25,94.3 1 2
github.com/dwdankworth/wheresmybus/main.go:95.2,95.27 1 9
github.com/dwdankworth/wheresmybus/main.go:95.27,97.3 1 1
github.com/dwdankworth/wheresmybus/main.go:100.2,101.16 2 8
github.com/dwdankworth/wheresmybus/main.go:101.16,102.15 1 6
github.com/dwdankworth/wheresmybus/main.go:103.21,104.30 1 2
github.com/dwdankworth/wheresmybus/main.go:105.23,106.32 1 1
github.com/dwdankworth/wheresmybus/main.go:110.2,110.31 1 5
github.com/dwdankworth/wheresmybus/main.go:110.31,111.30 1 2
github.com/dwdankworth/wheresmybus/main.go:112.15,113.30 1 1
github.com/dwdankworth/wheresmybus/main.go:114.17,115.32 1 1
github.com/dwdankworth/wheresmybus/main.go:119.2,119.16 1 3
github.com/dwdankworth/wheresmybus/main.go:119.16,121.3 1 1
github.com/dwdankworth/wheresmybus/main.go:123.2,123.16 1 2
github.com/dwdankworth/wheresmybus/main.go:123.16,125.3 1 1
github.com/dwdankworth/wheresmybus/main.go:126.2,126.97 1 1
github.com/dwdankworth/wheresmybus/internal/config/config.go:27.25,29.16 2 11
github.com/dwdankworth/wheresmybus/internal/config/config.go:29.16,31.3 1 0
github.com/dwdankworth/wheresmybus/internal/config/config.go:32.2,32.36 1 11
github.com/dwdankworth/wheresmybus/internal/config/config.go:41.30,43.16 2 7
github.com/dwdankworth/wheresmybus/internal/config/config.go:43.16,45.3 1 1
github.com/dwdankworth/wheresmybus/internal/config/config.go:47.2,48.16 2 6
github.com/dwdankworth/wheresmybus/internal/config/config.go:48.16,49.14 1 1
github.com/dwdankworth/wheresmybus/internal/config/config.go:49.14,52.4 1 1
github.com/dwdankworth/wheresmybus/internal/config/config.go:53.3,53.18 1 0
github.com/dwdankworth/wheresmybus/internal/config/config.go:55.2,55.17 1 5
github.com/dwdankworth/wheresmybus/internal/config/config.go:58.39,59.62 1 7
github.com/dwdankworth/wheresmybus/internal/config/config.go:59.62,61.3 1 2
github.com/dwdankworth/wheresmybus/internal/config/config.go:63.2,63.41 1 5
github.com/dwdankworth/wheresmybus/internal/config/config.go:63.41,65.3 1 5
github.com/dwdankworth/wheresmybus/internal/config/config.go:67.2,67.19 1 0
github.com/dwdankworth/wheresmybus/internal/config/config.go:70.45,72.16 2 12
github.com/dwdankworth/wheresmybus/internal/config/config.go:72.16,73.25 1 7
github.com/dwdankworth/wheresmybus/internal/config/config.go:73.25,75.4 1 7
github.com/dwdankworth/wheresmybus/internal/config/config.go:76.3,76.53 1 0
github.com/dwdankworth/wheresmybus/internal/config/config.go:79.2,80.16 2 5
github.com/dwdankworth/wheresmybus/internal/config/config.go:80.16,82.3 1 1
github.com/dwdankworth/wheresmybus/internal/config/config.go:84.2,84.34 1 4
github.com/dwdankworth/wheresmybus/internal/config/config.go:84.34,85.45 1 20
github.com/dwdankworth/wheresmybus/internal/config/config.go:85.45,86.12 1 0
github.com/dwdankworth/wheresmybus/internal/config/config.go:88.3,88.47 1 20
github.com/dwdankworth/wheresmybus/internal/config/config.go:88.47,90.4 1 0
github.com/dwdankworth/wheresmybus/internal/config/config.go:93.2,93.18 1 4
github.com/dwdankworth/wheresmybus/internal/config/config.go:96.30,97.35 1 1
github.com/dwdankworth/wheresmybus/internal/config/config.go:97.35,99.3 1 1
github.com/dwdankworth/wheresmybus/internal/config/config.go:100.2,100.67 1 0
github.com/dwdankworth/wheresmybus/internal/config/config.go:104.37,115.22 3 13
github.com/dwdankworth/wheresmybus/internal/config/config.go:115.22,117.3 1 3
github.com/dwdankworth/wheresmybus/internal/config/config.go:118.2,118.26 1 13
github.com/dwdankworth/wheresmybus/internal/config/config.go:118.26,120.3 1 4
github.com/dwdankworth/wheresmybus/internal/config/config.go:121.2,121.28 1 13
github.com/dwdankworth/wheresmybus/internal/config/config.go:121.28,123.3 1 4
github.com/dwdankworth/wheresmybus/internal/config/config.go:124.2,124.31 1 13
github.com/dwdankworth/wheresmybus/internal/config/config.go:124.31,125.25 1 11
github.com/dwdankworth/wheresmybus/internal/config/config.go:125.25,127.4 1 4
github.com/dwdankworth/wheresmybus/internal/config/config.go:128.3,128.27 1 11
github.com/dwdankworth/wheresmybus/internal/config/config.go:128.27,130.4 1 5
github.com/dwdankworth/wheresmybus/internal/config/config.go:133.2,134.22 2 13
github.com/dwdankworth/wheresmybus/internal/config/config.go:134.22,136.3 1 5
github.com/dwdankworth/wheresmybus/internal/config/config.go:137.2,137.99 1 13
github.com/dwdankworth/wheresmybus/internal/config/config.go:137.99,139.3 1 1
github.com/dwdankworth/wheresmybus/internal/config/config.go:140.2,140.23 1 13
github.com/dwdankworth/wheresmybus/internal/config/config.go:140.23,142.3 1 6
github.com/dwdankworth/wheresmybus/internal/config/config.go:144.2,144.17 1 7
github.com/dwdankworth/wheresmybus/internal/api/client.go:36.60,39.2 2 1
github.com/dwdankworth/wheresmybus/internal/api/client.go:41.76,43.2 1 1
github.com/dwdankworth/wheresmybus/internal/api/client.go:45.84,46.19 1 14
github.com/dwdankworth/wheresmybus/internal/api/client.go:46.19,48.3 1 0
github.com/dwdankworth/wheresmybus/internal/api/client.go:50.2,51.16 2 14
github.com/dwdankworth/wheresmybus/internal/api/client.go:51.16,53.3 1 0
github.com/dwdankworth/wheresmybus/internal/api/client.go:54.2,54.15 1 14
github.com/dwdankworth/wheresmybus/internal/api/client.go:54.15,54.40 1 14
github.com/dwdankworth/wheresmybus/internal/api/client.go:56.2,57.16 2 14
github.com/dwdankworth/wheresmybus/internal/api/client.go:57.16,59.3 1 5
github.com/dwdankworth/wheresmybus/internal/api/client.go:61.2,62.55 2 9
github.com/dwdankworth/wheresmybus/internal/api/client.go:62.55,64.3 1 1
github.com/dwdankworth/wheresmybus/internal/api/client.go:66.2,66.35 1 8
github.com/dwdankworth/wheresmybus/internal/api/client.go:66.35,68.3 1 1
github.com/dwdankworth/wheresmybus/internal/api/client.go:70.2,70.75 1 7
github.com/dwdankworth/wheresmybus/internal/api/client.go:73.102,74.19 1 5
github.com/dwdankworth/wheresmybus/internal/api/client.go:74.19,76.3 1 0
github.com/dwdankworth/wheresmybus/internal/api/client.go:78.2,79.16 2 5
github.com/dwdankworth/wheresmybus/internal/api/client.go:79.16,81.3 1 0
github.com/dwdankworth/wheresmybus/internal/api/client.go:83.2,84.16 2 5
github.com/dwdankworth/wheresmybus/internal/api/client.go:84.16,86.3 1 1
github.com/dwdankworth/wheresmybus/internal/api/client.go:88.2,88.38 1 4
github.com/dwdankworth/wheresmybus/internal/api/client.go:91.93,92.30 1 5
github.com/dwdankworth/wheresmybus/internal/api/client.go:92.30,94.3 1 2
github.com/dwdankworth/wheresmybus/internal/api/client.go:96.2,96.63 1 3
github.com/dwdankworth/wheresmybus/internal/api/client.go:99.60,101.2 1 5
github.com/dwdankworth/wheresmybus/internal/api/client.go:103.62,104.38 1 14
github.com/dwdankworth/wheresmybus/internal/api/client.go:104.38,106.17 2 4
github.com/dwdankworth/wheresmybus/internal/api/client.go:106.17,108.4 1 0
github.com/dwdankworth/wheresmybus/internal/api/client.go:109.3,109.52 1 4
github.com/dwdankworth/wheresmybus/internal/api/client.go:109.52,111.4 1 1
github.com/dwdankworth/wheresmybus/internal/api/client.go:112.3,112.89 1 3
github.com/dwdankworth/wheresmybus/internal/api/client.go:115.2,116.16 2 10
github.com/dwdankworth/wheresmybus/internal/api/client.go:116.16,118.3 1 1
github.com/dwdankworth/wheresmybus/internal/api/client.go:120.2,120.18 1 9
github.com/dwdankworth/wheresmybus/internal/api/client.go:123.42,124.19 1 5
github.com/dwdankworth/wheresmybus/internal/api/client.go:124.19,126.3 1 0
github.com/dwdankworth/wheresmybus/internal/api/client.go:128.2,128.28 1 5
github.com/dwdankworth/wheresmybus/internal/api/client.go:128.28,129.25 1 19
github.com/dwdankworth/wheresmybus/internal/api/client.go:129.25,131.4 1 2
github.com/dwdankworth/wheresmybus/internal/api/client.go:133.2,133.13 1 3
github.com/dwdankworth/wheresmybus/internal/api/client.go:136.56,139.29 3 12
github.com/dwdankworth/wheresmybus/internal/api/client.go:139.29,140.40 1 17
github.com/dwdankworth/wheresmybus/internal/api/client.go:140.40,141.22 1 12
github.com/dwdankworth/wheresmybus/internal/api/client.go:141.22,143.5 1 10
github.com/dwdankworth/wheresmybus/internal/api/client.go:144.4,144.30 1 12
github.com/dwdankworth/wheresmybus/internal/api/client.go:147.2,147.15 1 12
github.com/dwdankworth/wheresmybus/internal/wifi/wifi.go:17.71,19.2 1 0
github.com/dwdankworth/wheresmybus/internal/wifi/wifi.go:24.36,25.22 1 0
github.com/dwdankworth/wheresmybus/internal/wifi/wifi.go:26.15,27.14 1 0
github.com/dwdankworth/wheresmybus/internal/wifi/wifi.go:27.14,29.4 1 0
github.com/dwdankworth/wheresmybus/internal/wifi/wifi.go:30.3,30.28 1 0
github.com/dwdankworth/wheresmybus/internal/wifi/wifi.go:31.16,32.29 1 0
github.com/dwdankworth/wheresmybus/internal/wifi/wifi.go:33.17,34.30 1 0
github.com/dwdankworth/wheresmybus/internal/wifi/wifi.go:35.10,36.76 1 0
github.com/dwdankworth/wheresmybus/internal/wifi/wifi.go:41.19,43.16 2 0
github.com/dwdankworth/wheresmybus/internal/wifi/wifi.go:43.16,45.3 1 0
github.com/dwdankworth/wheresmybus/internal/wifi/wifi.go:46.2,47.79 2 0
github.com/dwdankworth/wheresmybus/internal/wifi/wifi.go:50.41,52.16 2 5
github.com/dwdankworth/wheresmybus/internal/wifi/wifi.go:52.16,54.3 1 1
github.com/dwdankworth/wheresmybus/internal/wifi/wifi.go:56.2,56.59 1 4
github.com/dwdankworth/wheresmybus/internal/wifi/wifi.go:56.59,57.39 1 5
github.com/dwdankworth/wheresmybus/internal/wifi/wifi.go:57.39,58.12 1 3
github.com/dwdankworth/wheresmybus/internal/wifi/wifi.go:61.3,62.13 2 2
github.com/dwdankworth/wheresmybus/internal/wifi/wifi.go:62.13,63.12 1 0
github.com/dwdankworth/wheresmybus/internal/wifi/wifi.go:66.3,67.17 2 2
github.com/dwdankworth/wheresmybus/internal/wifi/wifi.go:67.17,69.4 1 2
github.com/dwdankworth/wheresmybus/internal/wifi/wifi.go:72.2,72.16 1 2
github.com/dwdankworth/wheresmybus/internal/wifi/wifi.go:75.42,77.16 2 3
github.com/dwdankworth/wheresmybus/internal/wifi/wifi.go:77.16,79.3 1 1
github.com/dwdankworth/wheresmybus/internal/wifi/wifi.go:81.2,81.59 1 2
github.com/dwdankworth/wheresmybus/internal/wifi/wifi.go:81.59,83.43 2 17
github.com/dwdankworth/wheresmybus/internal/wifi/wifi.go:83.43,84.12 1 16
github.com/dwdankworth/wheresmybus/internal/wifi/wifi.go:87.3,88.13 2 1
github.com/dwdankworth/wheresmybus/internal/wifi/wifi.go:88.13,89.12 1 0
github.com/dwdankworth/wheresmybus/internal/wifi/wifi.go:92.3,93.17 2 1
github.com/dwdankworth/wheresmybus/internal/wifi/wifi.go:93.17,95.4 1 1
github.com/dwdankworth/wheresmybus/internal/wifi/wifi.go:98.2,98.16 1 1
github.com/dwdankworth/wheresmybus/internal/wifi/wifi.go:103.43,106.30 2 4
github.com/dwdankworth/wheresmybus/internal/wifi/wifi.go:106.30,108.3 1 1
github.com/dwdankworth/wheresmybus/internal/wifi/wifi.go:110.2,110.27 1 3
github.com/dwdankworth/wheresmybus/internal/wifi/wifi.go:113.46,116.16 2 7
github.com/dwdankworth/wheresmybus/internal/wifi/wifi.go:116.16,118.3 1 3
github.com/dwdankworth/wheresmybus/internal/wifi/wifi.go:120.2,121.18 2 4
github.com/dwdankworth/wheresmybus/internal/wifi/wifi.go:124.41,126.16 2 7
github.com/dwdankworth/wheresmybus/internal/wifi/wifi.go:126.16,128.3 1 2
github.com/dwdankworth/wheresmybus/internal/wifi/wifi.go:130.2,130.59 1 5
github.com/dwdankworth/wheresmybus/internal/wifi/wifi.go:130.59,132.79 2 13
github.com/dwdankworth/wheresmybus/internal/wifi/wifi.go:132.79,133.12 1 9
github.com/dwdankworth/wheresmybus/internal/wifi/wifi.go:136.3,137.13 2 4
github.com/dwdankworth/wheresmybus/internal/wifi/wifi.go:137.13,138.12 1 0
github.com/dwdankworth/wheresmybus/internal/wifi/wifi.go:141.3,142.17 2 4
github.com/dwdankworth/wheresmybus/internal/wifi/wifi.go:142.17,144.4 1 4
github.com/dwdankworth/wheresmybus/internal/wifi/wifi.go:147.2,147.16 1 1
github.com/dwdankworth/wheresmybus/internal/display/display.go:13.75,14.24 1 5
github.com/dwdankworth/wheresmybus/internal/display/display.go:14.24,17.3 2 1
github.com/dwdankworth/wheresmybus/internal/display/display.go:19.2,20.41 2 4
github.com/dwdankworth/wheresmybus/internal/display/display.go:20.41,22.3 1 12
github.com/dwdankworth/wheresmybus/internal/display/display.go:24.2,26.48 2 4
github.com/dwdankworth/wheresmybus/internal/display/display.go:26.48,28.3 1 1
github.com/dwdankworth/wheresmybus/internal/display/display.go:30.2,36.33 5 4
github.com/dwdankworth/wheresmybus/internal/display/display.go:36.33,43.3 1 10
github.com/dwdankworth/wheresmybus/internal/display/display.go:45.2,45.20 1 4
github.com/dwdankworth/wheresmybus/internal/display/display.go:48.54,49.38 1 58
github.com/dwdankworth/wheresmybus/internal/display/display.go:49.38,51.3 1 48
github.com/dwdankworth/wheresmybus/internal/display/display.go:53.2,53.37 1 10
github.com/dwdankworth/wheresmybus/internal/display/display.go:56.44,57.24 1 14
github.com/dwdankworth/wheresmybus/internal/display/display.go:57.24,59.3 1 4
github.com/dwdankworth/wheresmybus/internal/display/display.go:61.2,62.25 2 10
github.com/dwdankworth/wheresmybus/internal/display/display.go:62.25,64.3 1 1
github.com/dwdankworth/wheresmybus/internal/display/display.go:66.2,67.18 2 9
github.com/dwdankworth/wheresmybus/internal/display/display.go:67.18,69.3 1 4
github.com/dwdankworth/wheresmybus/internal/display/display.go:71.2,71.39 1 5
github.com/dwdankworth/wheresmybus/internal/display/display.go:74.47,75.23 1 14
github.com/dwdankworth/wheresmybus/internal/display/display.go:75.23,77.3 1 10
github.com/dwdankworth/wheresmybus/internal/display/display.go:79.2,79.20 1 4
github.com/dwdankworth/wheresmybus/internal/display/display.go:82.45,84.23 2 15
github.com/dwdankworth/wheresmybus/internal/display/display.go:84.23,86.3 1 13
github.com/dwdankworth/wheresmybus/internal/display/display.go:88.2,88.28 1 2
github.com/dwdankworth/wheresmybus/internal/display/display.go:96.68,104.29 4 9
github.com/dwdankworth/wheresmybus/internal/display/display.go:104.29,109.34 4 22
github.com/dwdankworth/wheresmybus/internal/display/display.go:109.34,110.46 1 6
github.com/dwdankworth/wheresmybus/internal/display/display.go:110.46,112.10 2 4
github.com/dwdankworth/wheresmybus/internal/display/display.go:116.3,116.15 1 22
github.com/dwdankworth/wheresmybus/internal/display/display.go:116.15,119.4 2 18
github.com/dwdankworth/wheresmybus/internal/display/display.go:121.2,121.15 1 9
github.com/dwdankworth/wheresmybus/internal/display/display.go:124.27,125.11 1 6
github.com/dwdankworth/wheresmybus/internal/display/display.go:125.11,127.3 1 0
github.com/dwdankworth/wheresmybus/internal/display/display.go:128.2,128.10 1 6
